<?xml version="1.0" encoding="UTF-8"?>
<!-- Generated by org.testng.reporters.JUnitReportReporter -->
<testsuite hostname="Enthrall_IT" failures="0" tests="1" name="lec39_java_selenium_methods.M03_SwitchWindows_differentWay" time="15.241" errors="0" timestamp="2022-03-30T22:56:57 EDT" skipped="0">
  <testcase classname="lec39_java_selenium_methods.M03_SwitchWindows_differentWay" name="switchWindows" time="15.241"/>
  <system-out/>
</testsuite> <!-- lec39_java_selenium_methods.M03_SwitchWindows_differentWay -->
