<?xml version="1.0" encoding="UTF-8"?>
<!-- Generated by org.testng.reporters.JUnitReportReporter -->
<testsuite hostname="Enthrall_IT" failures="0" tests="1" name="lec31_java_selenium_methods.B08_use_of_click_method_by_cssSelector_locator_using_id" time="5.100" errors="0" timestamp="2022-03-15T22:52:21 EDT" skipped="0">
  <testcase classname="lec31_java_selenium_methods.B08_use_of_click_method_by_cssSelector_locator_using_id" name="loginButtonTest" time="5.100"/>
  <system-out/>
</testsuite> <!-- lec31_java_selenium_methods.B08_use_of_click_method_by_cssSelector_locator_using_id -->
