<?xml version="1.0" encoding="UTF-8"?>
<!-- Generated by org.testng.reporters.JUnitReportReporter -->
<testsuite hostname="Enthrall_IT" failures="0" tests="1" name="lec36_java_selenium_methods.TestClass" time="0.055" errors="0" timestamp="2022-03-27T18:56:37 EDT" skipped="0">
  <testcase classname="lec36_java_selenium_methods.TestClass" name="test" time="0.055"/>
  <system-out/>
</testsuite> <!-- lec36_java_selenium_methods.TestClass -->
