<?xml version="1.0" encoding="UTF-8"?>
<!-- Generated by org.testng.reporters.JUnitReportReporter -->
<testsuite hostname="Enthrall_IT" failures="0" tests="1" name="lec39_java_selenium_methods.L03_use_of_double_click_action" time="10.187" errors="0" timestamp="2022-03-30T21:28:59 EDT" skipped="0">
  <testcase classname="lec39_java_selenium_methods.L03_use_of_double_click_action" name="doubleClickActionTest" time="10.187"/>
  <system-out/>
</testsuite> <!-- lec39_java_selenium_methods.L03_use_of_double_click_action -->
