<?xml version="1.0" encoding="UTF-8"?>
<!-- Generated by org.testng.reporters.JUnitReportReporter -->
<testsuite hostname="Enthrall_IT" failures="0" tests="1" name="lec39_java_selenium_methods.L02_use_of_right_click_action" time="15.235" errors="0" timestamp="2022-03-30T21:21:27 EDT" skipped="0">
  <testcase classname="lec39_java_selenium_methods.L02_use_of_right_click_action" name="rightClickActionTest" time="15.235"/>
  <system-out/>
</testsuite> <!-- lec39_java_selenium_methods.L02_use_of_right_click_action -->
