<?xml version="1.0" encoding="UTF-8"?>
<!-- Generated by org.testng.reporters.JUnitReportReporter -->
<testsuite hostname="Enthrall_IT" failures="0" tests="1" name="lec37_java_selenium_methods.K06_authenticationPopUp" time="5.037" errors="0" timestamp="2022-03-27T22:59:33 EDT" skipped="0">
  <testcase classname="lec37_java_selenium_methods.K06_authenticationPopUp" name="authenticationPopUpTest" time="5.037"/>
  <system-out/>
</testsuite> <!-- lec37_java_selenium_methods.K06_authenticationPopUp -->
