<?xml version="1.0" encoding="UTF-8"?>
<!-- Generated by org.testng.reporters.JUnitReportReporter -->
<testsuite hostname="Enthrall_IT" failures="0" tests="5" name="lec37_java_selenium_methods.J01_use_of_explicitly_wait" time="6.820" errors="0" timestamp="2022-03-27T20:34:33 EDT" skipped="4">
  <testcase classname="lec37_java_selenium_methods.J01_use_of_explicitly_wait" name="requestAnAppointmentTest03" time="6.820"/>
  <system-out/>
  <testcase classname="lec37_java_selenium_methods.J01_use_of_explicitly_wait" name="requestAnAppointmentTest05">
    <skipped/>
  </testcase> <!-- requestAnAppointmentTest05 -->
  <system-out/>
  <testcase classname="lec37_java_selenium_methods.J01_use_of_explicitly_wait" name="requestAnAppointmentTest04">
    <skipped/>
  </testcase> <!-- requestAnAppointmentTest04 -->
  <system-out/>
  <testcase classname="lec37_java_selenium_methods.J01_use_of_explicitly_wait" name="requestAnAppointmentTest01">
    <skipped/>
  </testcase> <!-- requestAnAppointmentTest01 -->
  <system-out/>
  <testcase classname="lec37_java_selenium_methods.J01_use_of_explicitly_wait" name="requestAnAppointmentTest02">
    <skipped/>
  </testcase> <!-- requestAnAppointmentTest02 -->
  <system-out/>
</testsuite> <!-- lec37_java_selenium_methods.J01_use_of_explicitly_wait -->
