<?xml version="1.0" encoding="UTF-8"?>
<!-- Generated by org.testng.reporters.JUnitReportReporter -->
<testsuite hostname="Enthrall_IT" failures="0" tests="1" name="lec39_java_selenium_methods.M01_use_of_findElements" time="8.285" errors="0" timestamp="2022-03-30T22:39:17 EDT" skipped="0">
  <testcase classname="lec39_java_selenium_methods.M01_use_of_findElements" name="mouseHoverActionOnAboutUs" time="8.285"/>
  <system-out/>
</testsuite> <!-- lec39_java_selenium_methods.M01_use_of_findElements -->
