<?xml version="1.0" encoding="UTF-8"?>
<!-- Generated by org.testng.reporters.JUnitReportReporter -->
<testsuite hostname="Enthrall_IT" failures="0" tests="2" name="lec37_java_selenium_methods.K04__use_of_SkipException" time="0.041" errors="0" timestamp="2022-03-27T22:36:58 EDT" skipped="1">
  <testcase classname="lec37_java_selenium_methods.K04__use_of_SkipException" name="nonSkipHomePageTitleTest" time="0.036"/>
  <system-out/>
  <testcase classname="lec37_java_selenium_methods.K04__use_of_SkipException" name="skipHomePageTitleTest" time="0.005">
    <skipped/>
  </testcase> <!-- skipHomePageTitleTest -->
  <system-out/>
</testsuite> <!-- lec37_java_selenium_methods.K04__use_of_SkipException -->
