<?xml version="1.0" encoding="UTF-8"?>
<!-- Generated by org.testng.reporters.JUnitReportReporter -->
<testsuite hostname="Enthrall_IT" failures="0" tests="1" name="lec39_java_selenium_methods.L05_use_of_slider_action" time="10.151" errors="0" timestamp="2022-03-30T21:55:53 EDT" skipped="0">
  <testcase classname="lec39_java_selenium_methods.L05_use_of_slider_action" name="sliderActionTest" time="10.151"/>
  <system-out/>
</testsuite> <!-- lec39_java_selenium_methods.L05_use_of_slider_action -->
