<?xml version="1.0" encoding="UTF-8"?>
<!-- Generated by org.testng.reporters.JUnitReportReporter -->
<testsuite hostname="Enthrall_IT" failures="0" tests="3" name="lec39_java_selenium_methods.L01_use_of_scroll_down_and_scroll_up_action" time="50.693" errors="0" timestamp="2022-03-30T20:44:17 EDT" skipped="0">
  <testcase classname="lec39_java_selenium_methods.L01_use_of_scroll_down_and_scroll_up_action" name="scrollDownAndScrollUpTest01" time="10.048"/>
  <system-out/>
  <testcase classname="lec39_java_selenium_methods.L01_use_of_scroll_down_and_scroll_up_action" name="scrollingAmazonSiteTest" time="25.760"/>
  <system-out/>
  <testcase classname="lec39_java_selenium_methods.L01_use_of_scroll_down_and_scroll_up_action" name="scrollingGoogleSiteTest" time="14.885"/>
  <system-out/>
</testsuite> <!-- lec39_java_selenium_methods.L01_use_of_scroll_down_and_scroll_up_action -->
