<?xml version="1.0" encoding="UTF-8"?>
<!-- Generated by org.testng.reporters.JUnitReportReporter -->
<testsuite hostname="Enthrall_IT" failures="0" tests="1" name="lec37_java_selenium_methods.F08_use_of_webdrivermanager_for_firefox_driver" time="3.281" errors="0" timestamp="2022-03-27T20:22:45 EDT" skipped="0">
  <testcase classname="lec37_java_selenium_methods.F08_use_of_webdrivermanager_for_firefox_driver" name="loginButtonTest" time="3.281"/>
  <system-out/>
</testsuite> <!-- lec37_java_selenium_methods.F08_use_of_webdrivermanager_for_firefox_driver -->
