<?xml version="1.0" encoding="UTF-8"?>
<!-- Generated by org.testng.reporters.JUnitReportReporter -->
<testsuite hostname="Enthrall_IT" failures="0" tests="2" name="lec39_java_selenium_methods.E03_use_of_sendKeys_method_and_click_by_enter_key_and_then_clear" time="57.415" errors="0" timestamp="2022-05-05T20:20:39 EDT" skipped="0">
  <testcase classname="lec39_java_selenium_methods.E03_use_of_sendKeys_method_and_click_by_enter_key_and_then_clear" name="searchingProductTest01" time="33.577"/>
  <system-out/>
  <testcase classname="lec39_java_selenium_methods.E03_use_of_sendKeys_method_and_click_by_enter_key_and_then_clear" name="searchingProductTest02" time="23.838"/>
  <system-out/>
</testsuite> <!-- lec39_java_selenium_methods.E03_use_of_sendKeys_method_and_click_by_enter_key_and_then_clear -->
