<?xml version="1.0" encoding="UTF-8"?>
<!-- Generated by org.testng.reporters.JUnitReportReporter -->
<testsuite hostname="Enthrall_IT" failures="0" tests="1" name="lec36_java_selenium_methods.F06_use_of_webdrivermanager" time="3.110" errors="0" timestamp="2022-03-27T14:48:15 EDT" skipped="0">
  <testcase classname="lec36_java_selenium_methods.F06_use_of_webdrivermanager" name="loginButtonTest" time="3.110"/>
  <system-out/>
</testsuite> <!-- lec36_java_selenium_methods.F06_use_of_webdrivermanager -->
