<?xml version="1.0" encoding="UTF-8"?>
<!-- Generated by org.testng.reporters.JUnitReportReporter -->
<testsuite hostname="Enthrall_IT" failures="0" tests="1" name="lec39_java_selenium_methods.M02_SwitchWindows" time="15.228" errors="0" timestamp="2022-03-31T00:47:10 EDT" skipped="0">
  <testcase classname="lec39_java_selenium_methods.M02_SwitchWindows" name="switchWindows" time="15.228"/>
  <system-out/>
</testsuite> <!-- lec39_java_selenium_methods.M02_SwitchWindows -->
