<?xml version="1.0" encoding="UTF-8"?>
<!-- Generated by org.testng.reporters.JUnitReportReporter -->
<testsuite hostname="Enthrall_IT" failures="0" tests="2" name="lec37_java_selenium_methods.K03_use_of_threadPoolSize_invocation_count_from_TestNG" time="0.074" errors="0" timestamp="2022-03-27T22:29:45 EDT" skipped="0">
  <testcase classname="lec37_java_selenium_methods.K03_use_of_threadPoolSize_invocation_count_from_TestNG" name="titleTest" time="0.036"/>
  <system-out/>
  <testcase classname="lec37_java_selenium_methods.K03_use_of_threadPoolSize_invocation_count_from_TestNG" name="titleTest" time="0.038"/>
  <system-out/>
</testsuite> <!-- lec37_java_selenium_methods.K03_use_of_threadPoolSize_invocation_count_from_TestNG -->
