<?xml version="1.0" encoding="UTF-8"?>
<!-- Generated by org.testng.reporters.JUnitReportReporter -->
<testsuite hostname="Enthrall_IT" failures="0" tests="1" name="lec39_java_selenium_methods.L04_use_of_drag_and_drop_action" time="5.298" errors="0" timestamp="2022-03-30T21:44:42 EDT" skipped="0">
  <testcase classname="lec39_java_selenium_methods.L04_use_of_drag_and_drop_action" name="dragAndDropActionTest" time="5.298"/>
  <system-out/>
</testsuite> <!-- lec39_java_selenium_methods.L04_use_of_drag_and_drop_action -->
